<?xml version="1.0" encoding="UTF-8"?>
<robot generator="Robot 3.2.2 (Python 3.10.1 on win32)" generated="20220115 20:43:45.037" rpa="false">
<suite id="s1" name="RobotFR" source="E:\Projects\RobotFR">
<suite id="s1-s1" name="TestSuite" source="E:\Projects\RobotFR\TestSuite">
<suite id="s1-s1-s1" name="RobotTestSuite" source="E:\Projects\RobotFR\TestSuite\RobotTestSuite.robot">
<test id="s1-s1-s1-t1" name="RegisterTestCase">
<kw name="Open Browser" library="SeleniumLibrary">
<doc>Opens a new browser instance to the optional ``url``.</doc>
<arguments>
<arg>${url}</arg>
<arg>chrome</arg>
</arguments>
<msg timestamp="20220115 20:43:45.444" level="INFO">Opening browser 'chrome' to base url 'https://demo.nopcommerce.com'.</msg>
<status status="PASS" starttime="20220115 20:43:45.443" endtime="20220115 20:43:50.085"></status>
</kw>
<kw name="Maximize Browser Window" library="SeleniumLibrary">
<doc>Maximizes current browser window.</doc>
<status status="PASS" starttime="20220115 20:43:50.086" endtime="20220115 20:43:50.258"></status>
</kw>
<kw name="Click Element" library="SeleniumLibrary">
<doc>Click the element identified by ``locator``.</doc>
<arguments>
<arg>class=ico-register</arg>
</arguments>
<msg timestamp="20220115 20:43:50.260" level="INFO">Clicking element 'class=ico-register'.</msg>
<status status="PASS" starttime="20220115 20:43:50.259" endtime="20220115 20:43:52.592"></status>
</kw>
<kw name="RegisterKeys">
<kw name="Click Element" library="SeleniumLibrary">
<doc>Click the element identified by ``locator``.</doc>
<arguments>
<arg>id=gender-male</arg>
</arguments>
<msg timestamp="20220115 20:43:52.595" level="INFO">Clicking element 'id=gender-male'.</msg>
<status status="PASS" starttime="20220115 20:43:52.594" endtime="20220115 20:43:52.658"></status>
</kw>
<kw name="Input Text" library="SeleniumLibrary">
<doc>Types the given ``text`` into the text field identified by ``locator``.</doc>
<arguments>
<arg>id=FirstName</arg>
<arg>Abdelrahman</arg>
</arguments>
<msg timestamp="20220115 20:43:52.659" level="INFO">Typing text 'Abdelrahman' into text field 'id=FirstName'.</msg>
<status status="PASS" starttime="20220115 20:43:52.659" endtime="20220115 20:43:52.780"></status>
</kw>
<kw name="Input Text" library="SeleniumLibrary">
<doc>Types the given ``text`` into the text field identified by ``locator``.</doc>
<arguments>
<arg>id=LastName</arg>
<arg>Abdullah</arg>
</arguments>
<msg timestamp="20220115 20:43:52.781" level="INFO">Typing text 'Abdullah' into text field 'id=LastName'.</msg>
<status status="PASS" starttime="20220115 20:43:52.780" endtime="20220115 20:43:52.897"></status>
</kw>
<kw name="Input Text" library="SeleniumLibrary">
<doc>Types the given ``text`` into the text field identified by ``locator``.</doc>
<arguments>
<arg>id=Email</arg>
<arg>${email}</arg>
</arguments>
<msg timestamp="20220115 20:43:52.898" level="INFO">Typing text 'A01cb@test.com' into text field 'id=Email'.</msg>
<status status="PASS" starttime="20220115 20:43:52.897" endtime="20220115 20:43:53.026"></status>
</kw>
<kw name="Input Password" library="SeleniumLibrary">
<doc>Types the given password into the text field identified by ``locator``.</doc>
<arguments>
<arg>id=Password</arg>
<arg>${password}</arg>
</arguments>
<msg timestamp="20220115 20:43:53.027" level="INFO">Typing password into text field 'id=Password'.</msg>
<msg timestamp="20220115 20:43:53.078" level="INFO">Temporally setting log level to: NONE</msg>
<msg timestamp="20220115 20:43:53.141" level="INFO">Log level changed from NONE to INFO.</msg>
<status status="PASS" starttime="20220115 20:43:53.027" endtime="20220115 20:43:53.142"></status>
</kw>
<kw name="Input Password" library="SeleniumLibrary">
<doc>Types the given password into the text field identified by ``locator``.</doc>
<arguments>
<arg>id=ConfirmPassword</arg>
<arg>${password}</arg>
</arguments>
<msg timestamp="20220115 20:43:53.143" level="INFO">Typing password into text field 'id=ConfirmPassword'.</msg>
<msg timestamp="20220115 20:43:53.192" level="INFO">Temporally setting log level to: NONE</msg>
<msg timestamp="20220115 20:43:53.253" level="INFO">Log level changed from NONE to INFO.</msg>
<status status="PASS" starttime="20220115 20:43:53.142" endtime="20220115 20:43:53.253"></status>
</kw>
<kw name="Click Button" library="SeleniumLibrary">
<doc>Clicks the button identified by ``locator``.</doc>
<arguments>
<arg>id=register-button</arg>
</arguments>
<msg timestamp="20220115 20:43:53.254" level="INFO">Clicking button 'id=register-button'.</msg>
<status status="PASS" starttime="20220115 20:43:53.253" endtime="20220115 20:43:55.528"></status>
</kw>
<status status="PASS" starttime="20220115 20:43:52.593" endtime="20220115 20:43:55.529"></status>
</kw>
<kw name="Close Browser" library="SeleniumLibrary">
<doc>Closes the current browser.</doc>
<status status="PASS" starttime="20220115 20:43:55.529" endtime="20220115 20:43:57.685"></status>
</kw>
<doc>This is Test For Register Page
</doc>
<status status="PASS" starttime="20220115 20:43:45.442" endtime="20220115 20:43:57.686" critical="yes"></status>
</test>
<test id="s1-s1-s1-t2" name="LoginTestCase">
<kw name="Open Browser" library="SeleniumLibrary">
<doc>Opens a new browser instance to the optional ``url``.</doc>
<arguments>
<arg>${url}</arg>
<arg>chrome</arg>
</arguments>
<msg timestamp="20220115 20:43:57.694" level="INFO">Opening browser 'chrome' to base url 'https://demo.nopcommerce.com'.</msg>
<status status="PASS" starttime="20220115 20:43:57.692" endtime="20220115 20:44:04.056"></status>
</kw>
<kw name="Maximize Browser Window" library="SeleniumLibrary">
<doc>Maximizes current browser window.</doc>
<status status="PASS" starttime="20220115 20:44:04.057" endtime="20220115 20:44:04.224"></status>
</kw>
<kw name="Click Element" library="SeleniumLibrary">
<doc>Click the element identified by ``locator``.</doc>
<arguments>
<arg>class=ico-login</arg>
</arguments>
<msg timestamp="20220115 20:44:04.225" level="INFO">Clicking element 'class=ico-login'.</msg>
<status status="PASS" starttime="20220115 20:44:04.225" endtime="20220115 20:44:06.238"></status>
</kw>
<kw name="LoginKeys">
<kw name="Input Text" library="SeleniumLibrary">
<doc>Types the given ``text`` into the text field identified by ``locator``.</doc>
<arguments>
<arg>id=Email</arg>
<arg>${email}</arg>
</arguments>
<msg timestamp="20220115 20:44:06.241" level="INFO">Typing text 'A01cb@test.com' into text field 'id=Email'.</msg>
<status status="PASS" starttime="20220115 20:44:06.240" endtime="20220115 20:44:06.356"></status>
</kw>
<kw name="Input Password" library="SeleniumLibrary">
<doc>Types the given password into the text field identified by ``locator``.</doc>
<arguments>
<arg>id=Password</arg>
<arg>${password}</arg>
</arguments>
<msg timestamp="20220115 20:44:06.356" level="INFO">Typing password into text field 'id=Password'.</msg>
<msg timestamp="20220115 20:44:06.408" level="INFO">Temporally setting log level to: NONE</msg>
<msg timestamp="20220115 20:44:06.470" level="INFO">Log level changed from NONE to INFO.</msg>
<status status="PASS" starttime="20220115 20:44:06.356" endtime="20220115 20:44:06.470"></status>
</kw>
<status status="PASS" starttime="20220115 20:44:06.239" endtime="20220115 20:44:06.471"></status>
</kw>
<kw name="Click Button" library="SeleniumLibrary">
<doc>Clicks the button identified by ``locator``.</doc>
<arguments>
<arg>class=button-1.login-button</arg>
</arguments>
<msg timestamp="20220115 20:44:06.472" level="INFO">Clicking button 'class=button-1.login-button'.</msg>
<status status="PASS" starttime="20220115 20:44:06.471" endtime="20220115 20:44:10.168"></status>
</kw>
<kw name="Close Browser" library="SeleniumLibrary">
<doc>Closes the current browser.</doc>
<status status="PASS" starttime="20220115 20:44:10.168" endtime="20220115 20:44:12.330"></status>
</kw>
<doc>This Is Test For Login</doc>
<status status="PASS" starttime="20220115 20:43:57.689" endtime="20220115 20:44:12.331" critical="yes"></status>
</test>
<status status="PASS" starttime="20220115 20:43:45.118" endtime="20220115 20:44:12.334"></status>
</suite>
<status status="PASS" starttime="20220115 20:43:45.114" endtime="20220115 20:44:12.347"></status>
</suite>
<status status="PASS" starttime="20220115 20:43:45.081" endtime="20220115 20:44:12.353"></status>
</suite>
<statistics>
<total>
<stat pass="2" fail="0">Critical Tests</stat>
<stat pass="2" fail="0">All Tests</stat>
</total>
<tag>
</tag>
<suite>
<stat pass="2" fail="0" id="s1" name="RobotFR">RobotFR</stat>
<stat pass="2" fail="0" id="s1-s1" name="TestSuite">RobotFR.TestSuite</stat>
<stat pass="2" fail="0" id="s1-s1-s1" name="RobotTestSuite">RobotFR.TestSuite.RobotTestSuite</stat>
</suite>
</statistics>
<errors>
</errors>
</robot>
